error loadView | 13.11.2016 04:06:49  |  User:   | page_products | response 200
error loadView | 13.11.2016 04:06:51  |  User:   | page_products | response 200
error loadView | 13.11.2016 04:11:51  |  User:   | page_products | response 200
error loadView | 13.11.2016 04:16:45  |  User:   | page_products | response 200
error loadView | 13.11.2016 04:16:47  |  User:   | page_products | response 200
error paint_template_error | 14.11.2016 11:11:06  |  User:   | page_products | response200
error loadView | 14.11.2016 09:01:45  |  User:   | page_products | response 200
error paint_template_error | 14.11.2016 09:04:01  |  User:   | page_products | response200
error loadView | 14.11.2016 09:36:26  |  User:   | ma | response 200
error loadView | 14.11.2016 09:37:00  |  User:   | page_products | response 200
error loadView | 14.11.2016 09:41:11  |  User:   | page_products | response 200
error loadView | 14.11.2016 09:43:39  |  User:   | page_products | response 200
error loadView | 14.11.2016 09:44:26  |  User:   | ma | response 200
error loadView | 14.11.2016 09:51:16  |  User:   | ma | response 200
error loadView | 14.11.2016 09:53:34  |  User:   | ma | response 200
error loadView | 14.11.2016 09:53:36  |  User:   | ma | response 200
error loadView | 14.11.2016 09:53:37  |  User:   | ma | response 200
error loadView | 16.11.2016 09:33:58  |  User:   | ma | response 200
error loadView | 16.11.2016 09:36:09  |  User:   | page_products | response 200
error loadView | 17.11.2016 07:03:41  |  User:   | ma | response 200
error loadView | 17.11.2016 07:04:25  |  User:   | ma | response 200
error loadView | 17.11.2016 11:08:14  |  User:   | ma | response 400
error loadView | 17.11.2016 11:09:31  |  User:   | ma | response 400
error loadView | 17.11.2016 11:09:41  |  User:   | page_products | response 400
error loadView | 17.11.2016 11:22:55  |  User:   | page_products | response 400
error loadView | 17.11.2016 11:23:03  |  User:   | ma | response 400
error loadView | 17.11.2016 11:23:13  |  User:   | page_products | response 400
error loadView | 17.11.2016 11:24:09  |  User:   | page_products | response 400
error loadView | 17.11.2016 11:24:25  |  User:   | page_products | response 400
error loadView | 17.11.2016 11:24:42  |  User:   | ma | response 400
error loadView | 17.11.2016 11:26:39  |  User:   | ma | response 400
error loadView | 17.11.2016 11:34:29  |  User:   | ma | response 400
error loadView | 18.11.2016 01:11:43  |  User:   | ma | response 400
error loadView | 18.11.2016 01:11:46  |  User:   | ma | response 400
error loadView | 18.11.2016 01:21:28  |  User:   | view | response 400
error loadView | 18.11.2016 01:21:30  |  User:   | main/view | response 400
error loadView | 18.11.2016 01:21:30  |  User:   | main/view | response 400
error loadView | 18.11.2016 01:21:30  |  User:   | main/view | response 400
error loadView | 18.11.2016 01:21:30  |  User:   | main/view | response 400
error loadView | 18.11.2016 01:21:30  |  User:   | main/view | response 400
error loadView | 18.11.2016 01:21:30  |  User:   | main/view | response 400
error loadView | 18.11.2016 01:21:30  |  User:   | main/view | response 400
error loadView | 18.11.2016 01:21:30  |  User:   | main/view | response 400
error loadView | 18.11.2016 01:21:30  |  User:   | main/view | response 400
error loadView | 18.11.2016 01:21:30  |  User:   | main/view | response 400
error loadView | 18.11.2016 01:21:30  |  User:   | main/view | response 400
error loadView | 18.11.2016 01:21:30  |  User:   | main/view | response 400
error loadView | 18.11.2016 01:21:30  |  User:   | main/view | response 400
error loadView | 18.11.2016 01:21:30  |  User:   | main/view | response 400
error loadView | 18.11.2016 01:21:30  |  User:   | main/view | response 400
error loadView | 18.11.2016 01:21:30  |  User:   | main/view | response 400
error loadView | 18.11.2016 01:21:30  |  User:   | main/view/img | response 400
error loadView | 18.11.2016 01:21:30  |  User:   | main/view/img | response 400
error loadView | 18.11.2016 01:21:30  |  User:   | main/view/img | response 400
error loadView | 18.11.2016 01:21:34  |  User:   | view | response 400
error loadView | 18.11.2016 01:21:56  |  User:   | main/view | response 400
error loadView | 18.11.2016 01:21:56  |  User:   | main/view | response 400
error loadView | 18.11.2016 01:21:56  |  User:   | main/view | response 400
error loadView | 18.11.2016 01:21:56  |  User:   | main/view | response 400
error loadView | 18.11.2016 01:21:56  |  User:   | main/view | response 400
error loadView | 18.11.2016 01:21:56  |  User:   | main/view | response 400
error loadView | 18.11.2016 01:21:56  |  User:   | main/view | response 400
error loadView | 18.11.2016 01:21:56  |  User:   | main/view | response 400
error loadView | 18.11.2016 01:21:56  |  User:   | main/view | response 400
error loadView | 18.11.2016 01:21:56  |  User:   | main/view | response 400
error loadView | 18.11.2016 01:21:56  |  User:   | main/view | response 400
error loadView | 18.11.2016 01:21:56  |  User:   | main/view | response 400
error loadView | 18.11.2016 01:21:56  |  User:   | main/view | response 400
error loadView | 18.11.2016 01:21:56  |  User:   | main/view | response 400
error loadView | 18.11.2016 01:21:56  |  User:   | main/view | response 400
error loadView | 18.11.2016 01:21:56  |  User:   | main/view | response 400
error loadView | 18.11.2016 01:21:56  |  User:   | main/view/img | response 400
error loadView | 18.11.2016 01:21:56  |  User:   | main/view/img | response 400
error loadView | 18.11.2016 01:21:56  |  User:   | main/view/img | response 400
error loadView | 18.11.2016 01:22:00  |  User:   | view | response 400
error loadView | 18.11.2016 01:22:03  |  User:   | main/view | response 400
error loadView | 18.11.2016 01:22:03  |  User:   | main/view | response 400
error loadView | 18.11.2016 01:22:03  |  User:   | main/view | response 400
error loadView | 18.11.2016 01:22:03  |  User:   | main/view | response 400
error loadView | 18.11.2016 01:22:03  |  User:   | main/view | response 400
error loadView | 18.11.2016 01:22:03  |  User:   | main/view | response 400
error loadView | 18.11.2016 01:22:03  |  User:   | main/view | response 400
error loadView | 18.11.2016 01:22:03  |  User:   | main/view | response 400
error loadView | 18.11.2016 01:22:03  |  User:   | main/view | response 400
error loadView | 18.11.2016 01:22:03  |  User:   | main/view | response 400
error loadView | 18.11.2016 01:22:03  |  User:   | main/view | response 400
error loadView | 18.11.2016 01:22:03  |  User:   | main/view | response 400
error loadView | 18.11.2016 01:22:03  |  User:   | main/view | response 400
error loadView | 18.11.2016 01:22:03  |  User:   | main/view | response 400
error loadView | 18.11.2016 01:22:03  |  User:   | main/view | response 400
error loadView | 18.11.2016 01:22:03  |  User:   | main/view | response 400
error loadView | 18.11.2016 01:22:03  |  User:   | main/view/img | response 400
error loadView | 18.11.2016 01:22:03  |  User:   | main/view/img | response 400
error loadView | 18.11.2016 01:22:03  |  User:   | main/view/img | response 400
error loadView | 18.11.2016 01:23:48  |  User:   | view | response 400
error loadView | 18.11.2016 01:24:00  |  User:   | page_products/page_products/view | response 400
error loadView | 18.11.2016 01:24:00  |  User:   | page_products/page_products/view | response 400
error loadView | 18.11.2016 01:24:00  |  User:   | page_products/page_products/view | response 400
error loadView | 18.11.2016 01:24:00  |  User:   | page_products/page_products/view | response 400
error loadView | 18.11.2016 01:24:00  |  User:   | page_products/page_products/view | response 400
error loadView | 18.11.2016 01:24:00  |  User:   | page_products/page_products/view | response 400
error loadView | 18.11.2016 01:24:00  |  User:   | page_products/page_products/view | response 400
error loadView | 18.11.2016 01:24:00  |  User:   | page_products/page_products/view | response 400
error loadView | 18.11.2016 01:24:00  |  User:   | page_products/page_products/view | response 400
error loadView | 18.11.2016 01:24:00  |  User:   | page_products/page_products/view | response 400
error loadView | 18.11.2016 01:24:00  |  User:   | page_products/page_products/view | response 400
error loadView | 18.11.2016 01:24:00  |  User:   | page_products/page_products/view | response 400
error loadView | 18.11.2016 01:24:00  |  User:   | page_products/page_products/view | response 400
error loadView | 18.11.2016 01:24:00  |  User:   | page_products/page_products/view | response 400
error loadView | 18.11.2016 01:24:00  |  User:   | page_products/page_products/view | response 400
error loadView | 18.11.2016 01:24:00  |  User:   | page_products/page_products/view | response 400
error loadView | 18.11.2016 01:24:08  |  User:   | view | response 400
error loadView | 18.11.2016 01:24:10  |  User:   | main/view | response 400
error loadView | 18.11.2016 01:24:10  |  User:   | main/view | response 400
error loadView | 18.11.2016 01:24:10  |  User:   | main/view | response 400
error loadView | 18.11.2016 01:24:10  |  User:   | main/view | response 400
error loadView | 18.11.2016 01:24:10  |  User:   | main/view | response 400
error loadView | 18.11.2016 01:24:10  |  User:   | main/view | response 400
error loadView | 18.11.2016 01:24:10  |  User:   | main/view | response 400
error loadView | 18.11.2016 01:24:10  |  User:   | main/view | response 400
error loadView | 18.11.2016 01:24:10  |  User:   | main/view | response 400
error loadView | 18.11.2016 01:24:10  |  User:   | main/view | response 400
error loadView | 18.11.2016 01:24:10  |  User:   | main/view | response 400
error loadView | 18.11.2016 01:24:10  |  User:   | main/view | response 400
error loadView | 18.11.2016 01:24:10  |  User:   | main/view | response 400
error loadView | 18.11.2016 01:24:10  |  User:   | main/view | response 400
error loadView | 18.11.2016 01:24:10  |  User:   | main/view | response 400
error loadView | 18.11.2016 01:24:10  |  User:   | main/view | response 400
error loadView | 18.11.2016 01:24:10  |  User:   | main/view/img | response 400
error loadView | 18.11.2016 01:24:10  |  User:   | main/view/img | response 400
error loadView | 18.11.2016 01:24:10  |  User:   | main/view/img | response 400
error loadView | 18.11.2016 01:29:42  |  User:   | main/view/img | response 400
error loadView | 18.11.2016 01:29:42  |  User:   | main/view/img | response 400
error loadView | 18.11.2016 01:29:42  |  User:   | main/view/img | response 400
error loadView | 18.11.2016 01:29:42  |  User:   | main/view/img | response 400
error loadView | 18.11.2016 01:29:42  |  User:   | main/view/img | response 400
error loadView | 18.11.2016 01:29:42  |  User:   | main/view/img | response 400
error loadView | 18.11.2016 01:29:45  |  User:   | main/view | response 400
error loadView | 18.11.2016 01:29:45  |  User:   | main/view | response 400
error loadView | 18.11.2016 01:29:45  |  User:   | main/view | response 400
error loadView | 18.11.2016 01:29:45  |  User:   | main/view | response 400
error loadView | 18.11.2016 01:29:45  |  User:   | main/view | response 400
error loadView | 18.11.2016 01:29:45  |  User:   | main/view | response 400
error loadView | 18.11.2016 01:29:45  |  User:   | main/view | response 400
error loadView | 18.11.2016 01:29:45  |  User:   | main/view | response 400
error loadView | 18.11.2016 01:29:45  |  User:   | main/view | response 400
error loadView | 18.11.2016 01:29:45  |  User:   | main/view | response 400
error loadView | 18.11.2016 01:29:45  |  User:   | main/view | response 400
error loadView | 18.11.2016 01:29:45  |  User:   | main/view | response 400
error loadView | 18.11.2016 01:29:45  |  User:   | main/view | response 400
error loadView | 18.11.2016 01:29:45  |  User:   | main/view | response 400
error loadView | 18.11.2016 01:29:45  |  User:   | main/view | response 400
error loadView | 18.11.2016 01:29:45  |  User:   | main/view | response 400
error loadView | 18.11.2016 01:29:45  |  User:   | main/view/img | response 400
error loadView | 18.11.2016 01:29:45  |  User:   | main/view/img | response 400
error loadView | 18.11.2016 01:29:45  |  User:   | main/view/img | response 400
error loadView | 18.11.2016 01:29:45  |  User:   | main/view/img | response 400
error loadView | 18.11.2016 01:29:45  |  User:   | main/view/img | response 400
error loadView | 18.11.2016 01:29:45  |  User:   | main/view/img | response 400
error loadView | 19.11.2016 12:18:47  |  User:   | view | response 400
error loadView | 19.11.2016 12:18:56  |  User:   | view | response 400
error loadView | 19.11.2016 12:19:02  |  User:   | page_products/page_products | response 400
error loadView | 19.11.2016 12:19:02  |  User:   | view | response 400
error loadView | 19.11.2016 12:19:07  |  User:   | page_products/page_products/main | response 400
error loadView | 19.11.2016 12:19:07  |  User:   | view | response 400
error loadView | 19.11.2016 12:19:17  |  User:   | page_products/page_products/main/main | response 400
error loadView | 19.11.2016 12:19:17  |  User:   | view | response 400
error loadView | 19.11.2016 12:19:20  |  User:   | page_products/page_products/main/main/main | response 400
error loadView | 19.11.2016 12:19:20  |  User:   | view | response 400
error loadView | 19.11.2016 12:19:31  |  User:   | view | response 400
error loadView | 19.11.2016 12:19:34  |  User:   | view | response 400
error loadView | 19.11.2016 12:19:38  |  User:   | main | response 400
error loadView | 19.11.2016 12:19:38  |  User:   | view | response 400
error loadView | 19.11.2016 12:19:40  |  User:   | main/main/page_products | response 400
error loadView | 19.11.2016 12:19:40  |  User:   | view | response 400
error loadView | 19.11.2016 12:19:42  |  User:   | main/main/page_products/page_products | response 400
error loadView | 19.11.2016 12:19:42  |  User:   | view | response 400
error loadView | 19.11.2016 12:20:32  |  User:   | main/main/page_products/page_products | response 400
error loadView | 19.11.2016 12:20:32  |  User:   | view | response 400
error loadView | 19.11.2016 12:20:38  |  User:   | main/main/page_products/page_products | response 400
error loadView | 19.11.2016 12:20:38  |  User:   | view | response 400
error loadView | 19.11.2016 12:20:47  |  User:   | view | response 400
error loadView | 19.11.2016 12:20:58  |  User:   | view | response 400
error loadView | 19.11.2016 12:21:02  |  User:   | main/page_products | response 400
error loadView | 19.11.2016 12:21:02  |  User:   | view | response 400
error loadView | 19.11.2016 12:21:26  |  User:   | main/page_products | response 400
error loadView | 19.11.2016 12:21:26  |  User:   | view | response 400
error loadView | 19.11.2016 12:21:32  |  User:   | view | response 400
error loadView | 19.11.2016 12:21:35  |  User:   | view | response 400
error loadView | 19.11.2016 12:21:41  |  User:   | view | response 400
error loadView | 19.11.2016 12:21:45  |  User:   | view | response 400
error loadView | 19.11.2016 12:21:48  |  User:   | view | response 400
error loadView | 19.11.2016 12:22:31  |  User:   | view | response 400
error loadView | 19.11.2016 12:22:34  |  User:   | view | response 400
error loadView | 19.11.2016 12:22:37  |  User:   | view | response 400
error loadView | 19.11.2016 12:22:46  |  User:   | view | response 400
error loadView | 19.11.2016 12:22:49  |  User:   | view | response 400
error loadView | 19.11.2016 12:22:50  |  User:   | view | response 400
error loadView | 19.11.2016 12:22:56  |  User:   | view | response 400
error loadView | 19.11.2016 12:22:59  |  User:   | view | response 400
error loadView | 19.11.2016 12:24:47  |  User:   | view | response 400
error loadView | 19.11.2016 12:25:31  |  User:   | view | response 400
error loadView | 19.11.2016 12:25:36  |  User:   | view | response 400
error loadView | 19.11.2016 12:25:38  |  User:   | main/page_products | response 400
error loadView | 19.11.2016 12:25:39  |  User:   | view | response 400
error loadView | 19.11.2016 12:25:42  |  User:   | main/page_products/page_products | response 400
error loadView | 19.11.2016 12:25:42  |  User:   | view | response 400
error loadView | 19.11.2016 12:25:44  |  User:   | main/page_products/page_products/main/page_products | response 400
error loadView | 19.11.2016 12:25:44  |  User:   | view | response 400
error loadView | 19.11.2016 12:28:09  |  User:   | main/page_products/page_products/main/page_products | response 400
error loadView | 19.11.2016 12:28:09  |  User:   | view | response 400
error loadView | 19.11.2016 12:28:16  |  User:   | view | response 400
error loadView | 19.11.2016 12:29:32  |  User:   | view | response 400
error loadView | 19.11.2016 12:30:36  |  User:   | view | response 400
error loadView | 19.11.2016 12:30:38  |  User:   | var/www/php_products | response 400
error loadView | 19.11.2016 12:30:38  |  User:   | view | response 400
error loadView | 19.11.2016 12:31:34  |  User:   | view | response 400
error loadView | 19.11.2016 12:31:37  |  User:   | view | response 400
error loadView | 19.11.2016 12:31:40  |  User:   | view | response 400
error loadView | 19.11.2016 12:31:43  |  User:   | view | response 400
error loadView | 19.11.2016 12:31:47  |  User:   | view | response 400
error loadView | 19.11.2016 12:31:50  |  User:   | view | response 400
error loadView | 19.11.2016 12:32:03  |  User:   | view | response 400
error loadView | 19.11.2016 12:32:29  |  User:   | page_products/page_products/view | response 400
error loadView | 19.11.2016 12:32:29  |  User:   | page_products/page_products/view | response 400
error loadView | 19.11.2016 12:32:29  |  User:   | page_products/page_products/view | response 400
error loadView | 19.11.2016 12:32:29  |  User:   | page_products/page_products/view | response 400
error loadView | 19.11.2016 12:32:29  |  User:   | page_products/page_products/view | response 400
error loadView | 19.11.2016 12:32:29  |  User:   | page_products/page_products/view | response 400
error loadView | 19.11.2016 12:32:29  |  User:   | page_products/page_products/view | response 400
error loadView | 19.11.2016 12:32:29  |  User:   | page_products/page_products/view | response 400
error loadView | 19.11.2016 12:32:35  |  User:   | main/view | response 400
error loadView | 19.11.2016 12:32:35  |  User:   | main/view | response 400
error loadView | 19.11.2016 12:32:35  |  User:   | main/view | response 400
error loadView | 19.11.2016 12:32:35  |  User:   | main/view | response 400
error loadView | 19.11.2016 12:32:35  |  User:   | main/view | response 400
error loadView | 19.11.2016 12:32:35  |  User:   | main/view | response 400
error loadView | 19.11.2016 12:32:35  |  User:   | main/view | response 400
error loadView | 19.11.2016 12:32:35  |  User:   | main/view | response 400
error loadView | 19.11.2016 12:32:37  |  User:   | main/view | response 400
error loadView | 19.11.2016 12:32:37  |  User:   | main/view | response 400
error loadView | 19.11.2016 12:32:37  |  User:   | main/view | response 400
error loadView | 19.11.2016 12:32:37  |  User:   | main/view | response 400
error loadView | 19.11.2016 12:32:37  |  User:   | main/view | response 400
error loadView | 19.11.2016 12:32:37  |  User:   | main/view | response 400
error loadView | 19.11.2016 12:32:37  |  User:   | main/view | response 400
error loadView | 19.11.2016 12:32:37  |  User:   | main/view | response 400
error loadView | 19.11.2016 12:32:54  |  User:   | view | response 400
error loadView | 19.11.2016 12:33:14  |  User:   | view | response 400
error loadView | 19.11.2016 12:36:04  |  User:   | main | response 400
error loadView | 19.11.2016 12:36:05  |  User:   | view | response 400
error loadView | 19.11.2016 12:36:12  |  User:   |  | response 400
error loadView | 19.11.2016 12:36:13  |  User:   |  | response 400
error loadView | 19.11.2016 12:36:13  |  User:   | view | response 400
error loadView | 19.11.2016 12:36:51  |  User:   | view | response 400
error loadView | 19.11.2016 12:37:22  |  User:   | view | response 400
error loadView | 19.11.2016 12:37:32  |  User:   | view | response 400
error loadView | 19.11.2016 12:37:34  |  User:   | view | response 400
error loadView | 19.11.2016 12:37:52  |  User:   | view | response 400
error loadView | 19.11.2016 12:37:54  |  User:   | view | response 400
