
23/11/16 08:35:06 PM | error loadView | css | response 400
23/11/16 08:35:06 PM | error loadView | css | response 400
23/11/16 08:35:06 PM | error loadView | js | response 400
23/11/16 08:35:06 PM | error loadView | js | response 400
23/11/16 08:35:06 PM | error loadView | js | response 400
23/11/16 08:35:06 PM | error loadView | js | response 400
23/11/16 08:35:06 PM | error loadView | js | response 400
23/11/16 08:35:06 PM | error loadView | js | response 400
23/11/16 08:35:06 PM | error loadView | js | response 400
23/11/16 08:35:06 PM | error loadView | images | response 400
23/11/16 08:35:06 PM | error loadView | images | response 400
23/11/16 08:35:06 PM | error loadView | images | response 400
23/11/16 08:37:30 PM | error loadView | css | response 400
23/11/16 08:37:30 PM | error loadView | js | response 400
23/11/16 08:37:30 PM | error loadView | js | response 400
23/11/16 08:37:30 PM | error loadView | js | response 400
23/11/16 08:37:30 PM | error loadView | js | response 400
23/11/16 08:37:30 PM | error loadView | css | response 400
23/11/16 08:37:30 PM | error loadView | js | response 400
23/11/16 08:37:30 PM | error loadView | js | response 400
23/11/16 08:37:30 PM | error loadView | js | response 400
23/11/16 08:37:30 PM | error loadView | images | response 400
23/11/16 08:37:30 PM | error loadView | images | response 400
23/11/16 08:37:30 PM | error loadView | images | response 400
23/11/16 08:37:30 PM | error loadView | images | response 400
23/11/16 08:37:30 PM | error loadView | images | response 400
23/11/16 08:37:30 PM | error loadView | images | response 400
23/11/16 08:37:30 PM | error loadView | images | response 400
23/11/16 08:37:30 PM | error loadView | images | response 400
23/11/16 08:37:30 PM | error loadView | images | response 400
23/11/16 08:37:30 PM | error loadView | images | response 400
23/11/16 08:37:30 PM | error loadView | images | response 400
23/11/16 08:38:44 PM | error loadView | css | response 400
23/11/16 08:38:44 PM | error loadView | js | response 400
23/11/16 08:38:44 PM | error loadView | css | response 400
23/11/16 08:38:44 PM | error loadView | js | response 400
23/11/16 08:38:44 PM | error loadView | js | response 400
23/11/16 08:38:44 PM | error loadView | js | response 400
23/11/16 08:38:44 PM | error loadView | js | response 400
23/11/16 08:38:44 PM | error loadView | js | response 400
23/11/16 08:38:44 PM | error loadView | js | response 400
23/11/16 08:38:44 PM | error loadView | images | response 400
23/11/16 08:38:44 PM | error loadView | images | response 400
23/11/16 08:38:44 PM | error loadView | images | response 400
23/11/16 08:38:44 PM | error loadView | images | response 400
23/11/16 08:38:44 PM | error loadView | images | response 400
23/11/16 08:38:44 PM | error loadView | images | response 400
23/11/16 08:38:44 PM | error loadView | images | response 400
23/11/16 08:38:44 PM | error loadView | images | response 400
23/11/16 08:38:44 PM | error loadView | images | response 400
23/11/16 08:38:44 PM | error loadView | images | response 400
23/11/16 08:38:44 PM | error loadView | images | response 400
23/11/16 08:38:45 PM | error loadView | js | response 400
23/11/16 08:38:45 PM | error loadView | css | response 400
23/11/16 08:38:45 PM | error loadView | js | response 400
23/11/16 08:38:45 PM | error loadView | css | response 400
23/11/16 08:38:45 PM | error loadView | js | response 400
23/11/16 08:38:45 PM | error loadView | js | response 400
23/11/16 08:38:45 PM | error loadView | js | response 400
23/11/16 08:38:45 PM | error loadView | js | response 400
23/11/16 08:38:45 PM | error loadView | js | response 400
23/11/16 08:38:45 PM | error loadView | images | response 400
23/11/16 08:38:45 PM | error loadView | images | response 400
23/11/16 08:38:45 PM | error loadView | images | response 400
23/11/16 08:38:45 PM | error loadView | images | response 400
23/11/16 08:38:45 PM | error loadView | images | response 400
23/11/16 08:38:45 PM | error loadView | images | response 400
23/11/16 08:38:45 PM | error loadView | images | response 400
23/11/16 08:38:45 PM | error loadView | images | response 400
23/11/16 08:38:45 PM | error loadView | images | response 400
23/11/16 08:38:45 PM | error loadView | images | response 400
23/11/16 08:38:45 PM | error loadView | images | response 400
23/11/16 08:40:09 PM | error loadView | css | response 400
23/11/16 08:40:09 PM | error loadView | css | response 400
23/11/16 08:40:09 PM | error loadView | js | response 400
23/11/16 08:40:09 PM | error loadView | js | response 400
23/11/16 08:40:09 PM | error loadView | js | response 400
23/11/16 08:40:09 PM | error loadView | js | response 400
23/11/16 08:40:09 PM | error loadView | js | response 400
23/11/16 08:40:09 PM | error loadView | js | response 400
23/11/16 08:40:09 PM | error loadView | js | response 400
23/11/16 08:40:09 PM | error loadView | images | response 400
23/11/16 08:40:09 PM | error loadView | images | response 400
23/11/16 08:40:09 PM | error loadView | i/view | response 400
23/11/16 08:40:09 PM | error loadView | images | response 400
23/11/16 08:40:09 PM | error loadView | images | response 400
23/11/16 08:43:06 PM | error loadView | view | response 400
23/11/16 08:43:06 PM | error loadView | view | response 400
23/11/16 08:43:06 PM | error loadView | view | response 400
23/11/16 08:43:06 PM | error loadView | view | response 400
23/11/16 08:43:06 PM | error loadView | view | response 400
23/11/16 08:43:06 PM | error loadView | view | response 400
23/11/16 08:43:06 PM | error loadView | view | response 400
23/11/16 08:43:06 PM | error loadView | images | response 400
23/11/16 08:43:06 PM | error loadView | images | response 400
23/11/16 08:43:06 PM | error loadView | i/view | response 400
23/11/16 08:43:11 PM | error loadView | view | response 400
23/11/16 08:44:36 PM | error loadView | view | response 400
23/11/16 08:44:36 PM | error loadView | view | response 400
23/11/16 08:44:36 PM | error loadView | view | response 400
23/11/16 08:44:36 PM | error loadView | view | response 400
23/11/16 08:44:37 PM | error loadView | view | response 400
23/11/16 08:44:37 PM | error loadView | view | response 400
23/11/16 08:44:37 PM | error loadView | view | response 400
23/11/16 08:44:37 PM | error loadView | images | response 400
23/11/16 08:44:37 PM | error loadView | images | response 400
23/11/16 08:44:37 PM | error loadView | i/view | response 400
23/11/16 08:44:44 PM | error loadView | view | response 400
23/11/16 08:44:44 PM | error loadView | view | response 400
23/11/16 08:44:44 PM | error loadView | view | response 400
23/11/16 08:44:44 PM | error loadView | view | response 400
23/11/16 08:44:44 PM | error loadView | view | response 400
23/11/16 08:44:44 PM | error loadView | view | response 400
23/11/16 08:44:44 PM | error loadView | view | response 400
23/11/16 08:44:44 PM | error loadView | images | response 400
23/11/16 08:44:44 PM | error loadView | images | response 400
23/11/16 08:44:44 PM | error loadView | i/view | response 400
23/11/16 08:44:44 PM | error loadView | images | response 400
23/11/16 08:45:48 PM | error loadView | view | response 400
23/11/16 08:45:48 PM | error loadView | view | response 400
23/11/16 08:45:48 PM | error loadView | view | response 400
23/11/16 08:45:48 PM | error loadView | view | response 400
23/11/16 08:45:48 PM | error loadView | view | response 400
23/11/16 08:45:48 PM | error loadView | view | response 400
23/11/16 08:45:48 PM | error loadView | view | response 400
23/11/16 08:45:48 PM | error loadView | images | response 400
23/11/16 08:45:48 PM | error loadView | images | response 400
23/11/16 08:45:48 PM | error loadView | i/view | response 400
23/11/16 08:45:48 PM | error loadView | images | response 400
23/11/16 08:45:48 PM | error loadView | images | response 400
23/11/16 08:45:48 PM | error loadView | view | response 400
23/11/16 08:45:48 PM | error loadView | view | response 400
23/11/16 08:45:48 PM | error loadView | view | response 400
23/11/16 08:45:48 PM | error loadView | view | response 400
23/11/16 08:45:48 PM | error loadView | view | response 400
23/11/16 08:46:20 PM | error loadView | images | response 400
23/11/16 08:46:20 PM | error loadView | images | response 400
23/11/16 08:46:20 PM | error loadView | i/view | response 400
23/11/16 08:46:20 PM | error loadView | view/js | response 400
23/11/16 08:46:20 PM | error loadView | view | response 400
23/11/16 08:46:20 PM | error loadView | view | response 400
23/11/16 08:46:20 PM | error loadView | view | response 400
23/11/16 08:46:20 PM | error loadView | view | response 400
23/11/16 08:46:20 PM | error loadView | view | response 400
23/11/16 08:46:20 PM | error loadView | view | response 400
23/11/16 08:46:37 PM | error loadView | images | response 400
23/11/16 08:46:38 PM | error loadView | images | response 400
23/11/16 08:47:04 PM | error loadView | images | response 400
23/11/16 08:47:05 PM | error loadView | images | response 400
23/11/16 08:47:30 PM | error loadView | images | response 400
23/11/16 08:47:31 PM | error loadView | images | response 400
23/11/16 08:47:57 PM | error loadView | images | response 400
23/11/16 08:47:58 PM | error loadView | images | response 400
23/11/16 08:48:24 PM | error loadView | images | response 400
23/11/16 08:48:25 PM | error loadView | images | response 400
23/11/16 08:48:50 PM | error loadView | images | response 400
23/11/16 08:48:51 PM | error loadView | images | response 400
23/11/16 08:49:17 PM | error loadView | images | response 400
23/11/16 08:49:18 PM | error loadView | images | response 400
23/11/16 08:49:44 PM | error loadView | images | response 400
23/11/16 08:49:45 PM | error loadView | images | response 400
23/11/16 08:50:11 PM | error loadView | images | response 400
23/11/16 08:50:11 PM | error loadView | images | response 400
23/11/16 08:50:37 PM | error loadView | images | response 400
23/11/16 08:50:38 PM | error loadView | images | response 400
23/11/16 08:51:04 PM | error loadView | images | response 400
23/11/16 08:51:05 PM | error loadView | images | response 400
23/11/16 08:51:31 PM | error loadView | images | response 400
23/11/16 08:51:31 PM | error loadView | images | response 400
23/11/16 08:51:57 PM | error loadView | images | response 400
23/11/16 08:51:58 PM | error loadView | images | response 400
23/11/16 08:52:24 PM | error loadView | images | response 400
23/11/16 08:52:25 PM | error loadView | images | response 400
23/11/16 08:52:51 PM | error loadView | images | response 400
23/11/16 08:52:51 PM | error loadView | images | response 400
23/11/16 08:53:17 PM | error loadView | images | response 400
23/11/16 08:53:18 PM | error loadView | images | response 400
23/11/16 08:53:44 PM | error loadView | images | response 400
23/11/16 08:53:45 PM | error loadView | images | response 400
23/11/16 08:54:11 PM | error loadView | images | response 400
23/11/16 08:54:12 PM | error loadView | images | response 400
23/11/16 08:54:37 PM | error loadView | images | response 400
23/11/16 08:54:38 PM | error loadView | images | response 400
23/11/16 08:55:04 PM | error loadView | images | response 400
23/11/16 08:55:05 PM | error loadView | images | response 400
23/11/16 08:55:31 PM | error loadView | images | response 400
23/11/16 08:55:32 PM | error loadView | images | response 400
23/11/16 08:55:57 PM | error loadView | images | response 400
23/11/16 08:55:58 PM | error loadView | images | response 400
23/11/16 08:56:24 PM | error loadView | images | response 400
23/11/16 08:56:25 PM | error loadView | images | response 400
23/11/16 08:56:51 PM | error loadView | images | response 400
23/11/16 08:56:52 PM | error loadView | images | response 400
23/11/16 08:57:17 PM | error loadView | images | response 400
23/11/16 08:57:18 PM | error loadView | images | response 400
23/11/16 08:57:44 PM | error loadView | images | response 400
23/11/16 08:57:45 PM | error loadView | images | response 400
23/11/16 08:58:11 PM | error loadView | images | response 400
23/11/16 08:58:12 PM | error loadView | images | response 400
23/11/16 08:58:38 PM | error loadView | images | response 400
23/11/16 08:58:38 PM | error loadView | images | response 400
23/11/16 08:59:04 PM | error loadView | images | response 400
23/11/16 08:59:05 PM | error loadView | images | response 400
23/11/16 08:59:31 PM | error loadView | images | response 400
23/11/16 08:59:32 PM | error loadView | images | response 400
23/11/16 08:59:58 PM | error loadView | images | response 400
23/11/16 08:59:58 PM | error loadView | images | response 400
23/11/16 09:00:24 PM | error loadView | images | response 400
23/11/16 09:00:25 PM | error loadView | images | response 400
23/11/16 09:00:51 PM | error loadView | images | response 400
23/11/16 09:00:52 PM | error loadView | images | response 400
23/11/16 09:01:18 PM | error loadView | images | response 400
23/11/16 09:01:18 PM | error loadView | images | response 400
23/11/16 09:01:44 PM | error loadView | images | response 400
23/11/16 09:01:45 PM | error loadView | images | response 400
23/11/16 09:02:11 PM | error loadView | images | response 400
23/11/16 09:02:12 PM | error loadView | images | response 400
23/11/16 09:02:38 PM | error loadView | images | response 400
23/11/16 09:02:38 PM | error loadView | images | response 400
23/11/16 09:03:04 PM | error loadView | images | response 400
23/11/16 09:03:05 PM | error loadView | images | response 400
23/11/16 09:03:31 PM | error loadView | images | response 400
23/11/16 09:03:32 PM | error loadView | images | response 400
23/11/16 09:03:58 PM | error loadView | images | response 400
23/11/16 09:03:59 PM | error loadView | images | response 400
23/11/16 09:04:24 PM | error loadView | images | response 400
23/11/16 09:04:25 PM | error loadView | images | response 400
23/11/16 09:04:51 PM | error loadView | images | response 400
23/11/16 09:04:52 PM | error loadView | images | response 400
23/11/16 09:05:18 PM | error loadView | images | response 400
23/11/16 09:05:19 PM | error loadView | images | response 400
23/11/16 09:05:44 PM | error loadView | images | response 400
23/11/16 09:05:45 PM | error loadView | images | response 400
23/11/16 09:06:11 PM | error loadView | images | response 400
23/11/16 09:06:12 PM | error loadView | images | response 400
23/11/16 09:06:38 PM | error loadView | images | response 400
23/11/16 09:06:39 PM | error loadView | images | response 400
23/11/16 09:07:05 PM | error loadView | images | response 400
23/11/16 09:07:05 PM | error loadView | images | response 400
23/11/16 09:07:31 PM | error loadView | images | response 400
23/11/16 09:07:32 PM | error loadView | images | response 400
23/11/16 09:07:58 PM | error loadView | images | response 400
23/11/16 09:07:59 PM | error loadView | images | response 400
23/11/16 09:08:25 PM | error loadView | images | response 400
23/11/16 09:08:25 PM | error loadView | images | response 400
23/11/16 09:08:51 PM | error loadView | images | response 400
23/11/16 09:08:52 PM | error loadView | images | response 400
23/11/16 09:09:18 PM | error loadView | images | response 400
23/11/16 09:09:19 PM | error loadView | images | response 400
23/11/16 09:09:45 PM | error loadView | images | response 400
23/11/16 09:09:45 PM | error loadView | images | response 400
23/11/16 09:10:11 PM | error loadView | images | response 400
23/11/16 09:10:12 PM | error loadView | images | response 400
23/11/16 09:10:38 PM | error loadView | images | response 400
23/11/16 09:10:39 PM | error loadView | images | response 400
23/11/16 09:11:05 PM | error loadView | images | response 400
23/11/16 09:11:05 PM | error loadView | images | response 400
23/11/16 09:11:31 PM | error loadView | images | response 400
23/11/16 09:11:32 PM | error loadView | images | response 400
23/11/16 09:11:58 PM | error loadView | images | response 400
23/11/16 09:11:59 PM | error loadView | images | response 400
23/11/16 09:12:25 PM | error loadView | images | response 400
23/11/16 09:12:26 PM | error loadView | images | response 400
23/11/16 09:12:51 PM | error loadView | images | response 400
23/11/16 09:12:52 PM | error loadView | images | response 400
23/11/16 09:13:18 PM | error loadView | images | response 400
23/11/16 09:13:19 PM | error loadView | images | response 400
23/11/16 09:13:45 PM | error loadView | images | response 400
23/11/16 09:13:46 PM | error loadView | images | response 400
23/11/16 09:14:03 PM | error loadView | view/js | response 400
23/11/16 09:14:11 PM | error loadView | images | response 400
23/11/16 09:14:12 PM | error loadView | images | response 400
23/11/16 09:14:38 PM | error loadView | images | response 400
23/11/16 09:14:39 PM | error loadView | images | response 400
23/11/16 09:15:05 PM | error loadView | images | response 400
23/11/16 09:15:05 PM | error loadView | images | response 400
23/11/16 09:15:05 PM | error loadView | images | response 400
23/11/16 09:15:05 PM | error loadView | i/view | response 400
23/11/16 09:15:05 PM | error loadView | view | response 400
23/11/16 09:15:05 PM | error loadView | view/js | response 400
23/11/16 09:15:05 PM | error loadView | view | response 400
23/11/16 09:15:05 PM | error loadView | view | response 400
23/11/16 09:15:05 PM | error loadView | view | response 400
23/11/16 09:15:05 PM | error loadView | view | response 400
23/11/16 09:19:09 PM | error loadView | view/js | response 400
23/11/16 09:19:09 PM | error loadView | view/js/dist | response 400
23/11/16 09:19:09 PM | error loadView | view | response 400
23/11/16 09:19:09 PM | error loadView | view/js/dist | response 400
23/11/16 09:38:57 PM | error loadView | images | response 400
23/11/16 09:38:57 PM | error loadView | i/view | response 400
23/11/16 09:38:57 PM | error loadView | view/js | response 400
23/11/16 09:38:57 PM | error loadView | view | response 400
23/11/16 09:38:57 PM | error loadView | view | response 400
23/11/16 09:38:57 PM | error loadView | view | response 400
23/11/16 09:38:57 PM | error loadView | view | response 400
23/11/16 09:38:57 PM | error loadView | view | response 400
23/11/16 09:38:57 PM | error loadView | images | response 400
23/11/16 09:43:56 PM | error loadView | images | response 400
23/11/16 09:43:56 PM | error loadView | i/view | response 400
23/11/16 09:43:56 PM | error loadView | view/js | response 400
23/11/16 09:43:56 PM | error loadView | view | response 400
23/11/16 09:43:56 PM | error loadView | view | response 400
23/11/16 09:43:56 PM | error loadView | view | response 400
23/11/16 09:43:56 PM | error loadView | view | response 400
23/11/16 09:43:56 PM | error loadView | view | response 400
23/11/16 09:44:27 PM | error loadView | images | response 400
23/11/16 09:44:27 PM | error loadView | i/view | response 400
23/11/16 09:44:27 PM | error loadView | view | response 400
23/11/16 09:44:27 PM | error loadView | view | response 400
23/11/16 09:44:27 PM | error loadView | view | response 400
23/11/16 09:44:27 PM | error loadView | view | response 400
23/11/16 09:44:27 PM | error loadView | view | response 400
23/11/16 09:44:27 PM | error loadView | view/js | response 400
23/11/16 09:44:44 PM | error loadView | images | response 400
23/11/16 09:44:44 PM | error loadView | i/view | response 400
23/11/16 09:44:44 PM | error loadView | view/js | response 400
23/11/16 09:44:44 PM | error loadView | view | response 400
23/11/16 09:44:44 PM | error loadView | view | response 400
23/11/16 09:44:44 PM | error loadView | view | response 400
23/11/16 09:44:44 PM | error loadView | view | response 400
23/11/16 09:44:44 PM | error loadView | images | response 400
23/11/16 09:45:22 PM | error loadView | images | response 400
23/11/16 09:45:22 PM | error loadView | i/view | response 400
23/11/16 09:45:22 PM | error loadView | view | response 400
23/11/16 09:45:22 PM | error loadView | view | response 400
23/11/16 09:45:22 PM | error loadView | view | response 400
23/11/16 09:45:22 PM | error loadView | view | response 400
23/11/16 09:45:22 PM | error loadView | view/js | response 400
23/11/16 09:45:22 PM | error loadView | images | response 400
23/11/16 09:46:05 PM | error loadView | images | response 400
23/11/16 09:46:05 PM | error loadView | i/view | response 400
23/11/16 09:46:05 PM | error loadView | view | response 400
23/11/16 09:46:05 PM | error loadView | view/js | response 400
23/11/16 09:46:05 PM | error loadView | view | response 400
23/11/16 09:46:05 PM | error loadView | view | response 400
23/11/16 09:46:05 PM | error loadView | view | response 400
23/11/16 09:48:46 PM | error loadView | images | response 400
23/11/16 09:48:46 PM | error loadView | i/view | response 400
23/11/16 09:48:46 PM | error loadView | view | response 400
23/11/16 09:48:46 PM | error loadView | view | response 400
23/11/16 09:48:46 PM | error loadView | view | response 400
23/11/16 09:48:46 PM | error loadView | view | response 400
23/11/16 09:48:46 PM | error loadView | view/js | response 400
23/11/16 09:48:46 PM | error loadView | images | response 400
23/11/16 09:48:48 PM | error loadView | view/js | response 400
23/11/16 09:48:48 PM | error loadView | view | response 400
23/11/16 09:48:49 PM | error loadView | view | response 400
23/11/16 09:48:49 PM | error loadView | view | response 400
23/11/16 09:49:14 PM | error loadView | main | response 400
23/11/16 09:49:14 PM | error loadView | main/i/view | response 400
23/11/16 09:49:14 PM | error loadView | view | response 400
23/11/16 09:49:14 PM | error loadView | view | response 400
23/11/16 09:49:14 PM | error loadView | view | response 400
23/11/16 09:49:14 PM | error loadView | view | response 400
23/11/16 09:49:14 PM | error loadView | view/js | response 400
24/11/16 05:19:54 PM | error loadView | images | response 400
24/11/16 05:19:54 PM | error loadView | i/view | response 400
24/11/16 05:19:55 PM | error loadView | view | response 400
24/11/16 05:19:55 PM | error loadView | view | response 400
24/11/16 05:19:55 PM | error loadView | view | response 400
24/11/16 05:19:55 PM | error loadView | view | response 400
24/11/16 05:19:55 PM | error loadView | images | response 400
24/11/16 05:19:55 PM | error loadView | i/view | response 400
24/11/16 05:21:14 PM | error loadView | view | response 400
24/11/16 05:21:14 PM | error loadView | view | response 400
24/11/16 05:21:14 PM | error loadView | view | response 400
24/11/16 05:27:42 PM | error loadView | images | response 400
24/11/16 05:27:42 PM | error loadView | i/view | response 400
24/11/16 05:27:42 PM | error loadView | view | response 400
24/11/16 05:27:42 PM | error loadView | view | response 400
24/11/16 05:27:42 PM | error loadView | view | response 400
24/11/16 05:27:42 PM | error loadView | view | response 400
24/11/16 05:47:32 PM | error loadView | i/view | response 400
24/11/16 05:47:32 PM | error loadView | view | response 400
24/11/16 05:47:32 PM | error loadView | view | response 400
24/11/16 05:47:32 PM | error loadView | view | response 400
24/11/16 05:47:32 PM | error loadView | view | response 400
24/11/16 05:51:53 PM | error loadView | view | response 400
24/11/16 05:51:53 PM | error loadView | view | response 400
24/11/16 05:51:53 PM | error loadView | view | response 400
24/11/16 05:51:53 PM | error loadView | view | response 400
24/11/16 05:53:17 PM | error loadView | view | response 400
24/11/16 05:53:17 PM | error loadView | view | response 400
24/11/16 05:53:17 PM | error loadView | view | response 400
24/11/16 05:53:17 PM | error loadView | view | response 400
24/11/16 05:54:07 PM | error loadView | view | response 400
24/11/16 05:54:07 PM | error loadView | view | response 400
24/11/16 05:54:07 PM | error loadView | view | response 400
24/11/16 05:54:07 PM | error loadView | view | response 400
24/11/16 05:55:51 PM | error loadView | view | response 400
24/11/16 05:55:51 PM | error loadView | view | response 400
24/11/16 05:55:51 PM | error loadView | view | response 400
24/11/16 05:55:51 PM | error loadView | view | response 400
24/11/16 05:56:07 PM | error loadView | view/js | response 400
24/11/16 06:36:48 PM | error loadView | view | response 400
24/11/16 06:36:48 PM | error loadView | view | response 400
24/11/16 06:36:48 PM | error loadView | view | response 400
24/11/16 06:36:48 PM | error loadView | view | response 400
24/11/16 06:43:45 PM | error loadView | view | response 400
24/11/16 06:43:45 PM | error loadView | view | response 400
24/11/16 06:43:45 PM | error loadView | view | response 400
24/11/16 06:44:50 PM | error loadView | view | response 400
24/11/16 06:44:50 PM | error loadView | view | response 400
24/11/16 06:44:50 PM | error loadView | view | response 400
24/11/16 06:45:17 PM | error loadView | view | response 400
24/11/16 06:45:17 PM | error loadView | view | response 400
24/11/16 06:45:17 PM | error loadView | view | response 400
24/11/16 06:45:21 PM | error loadView | view | response 400
24/11/16 06:45:21 PM | error loadView | view | response 400
24/11/16 06:45:21 PM | error loadView | view | response 400
24/11/16 06:47:06 PM | error loadView | view | response 400
24/11/16 06:47:06 PM | error loadView | view | response 400
24/11/16 06:47:06 PM | error loadView | view | response 400
24/11/16 06:47:24 PM | error loadView | view | response 400
24/11/16 06:47:24 PM | error loadView | view | response 400
24/11/16 06:47:24 PM | error loadView | view | response 400
24/11/16 06:47:32 PM | error loadView | view | response 400
24/11/16 06:47:32 PM | error loadView | view | response 400
24/11/16 06:47:32 PM | error loadView | view | response 400
24/11/16 06:47:41 PM | error loadView | view | response 400
24/11/16 06:47:41 PM | error loadView | view | response 400
24/11/16 06:47:41 PM | error loadView | view | response 400
24/11/16 06:47:43 PM | error loadView | view | response 400
24/11/16 06:47:43 PM | error loadView | view | response 400
24/11/16 06:47:43 PM | error loadView | view | response 400
24/11/16 06:47:45 PM | error loadView | view | response 400
24/11/16 06:47:45 PM | error loadView | view | response 400
24/11/16 06:47:45 PM | error loadView | view | response 400
24/11/16 06:47:49 PM | error loadView | view | response 400
24/11/16 06:47:49 PM | error loadView | view | response 400
24/11/16 06:47:49 PM | error loadView | view | response 400
24/11/16 06:47:50 PM | error loadView | view | response 400
24/11/16 06:47:50 PM | error loadView | view | response 400
24/11/16 06:47:50 PM | error loadView | view | response 400
24/11/16 06:47:52 PM | error loadView | view | response 400
24/11/16 06:47:52 PM | error loadView | view | response 400
24/11/16 06:47:52 PM | error loadView | view | response 400
24/11/16 06:47:53 PM | error loadView | main | response 400
24/11/16 06:47:53 PM | error loadView | view | response 400
24/11/16 06:47:55 PM | error loadView | main | response 400
24/11/16 06:47:56 PM | error loadView | view | response 400
24/11/16 06:48:05 PM | error loadView | view | response 400
24/11/16 06:48:05 PM | error loadView | view | response 400
24/11/16 06:48:05 PM | error loadView | view | response 400
24/11/16 06:48:06 PM | error loadView | view | response 400
24/11/16 06:48:06 PM | error loadView | view | response 400
24/11/16 06:48:06 PM | error loadView | view | response 400
24/11/16 06:48:07 PM | error loadView | view | response 400
24/11/16 06:48:07 PM | error loadView | view | response 400
24/11/16 06:48:07 PM | error loadView | view | response 400
24/11/16 06:48:08 PM | error loadView | view | response 400
24/11/16 06:48:08 PM | error loadView | view | response 400
24/11/16 06:48:08 PM | error loadView | view | response 400
24/11/16 06:48:09 PM | error loadView | view | response 400
24/11/16 06:48:09 PM | error loadView | view | response 400
24/11/16 06:48:09 PM | error loadView | view | response 400
24/11/16 06:48:11 PM | error loadView | view | response 400
24/11/16 06:48:11 PM | error loadView | view | response 400
24/11/16 06:48:11 PM | error loadView | view | response 400
24/11/16 06:48:13 PM | error loadView | view/js | response 400
24/11/16 06:48:25 PM | error loadView | view/js | response 400
24/11/16 06:48:25 PM | error loadView | view | response 400
24/11/16 06:48:25 PM | error loadView | view | response 400
24/11/16 06:48:25 PM | error loadView | view | response 400
24/11/16 06:48:32 PM | error loadView | view/js | response 400
24/11/16 06:48:32 PM | error loadView | view | response 400
24/11/16 06:48:32 PM | error loadView | view | response 400
24/11/16 06:48:32 PM | error loadView | view | response 400
24/11/16 06:48:45 PM | error loadView | view | response 400
24/11/16 06:48:45 PM | error loadView | view | response 400
24/11/16 06:48:45 PM | error loadView | view | response 400
24/11/16 06:48:45 PM | error loadView | view/js | response 400
24/11/16 06:48:47 PM | error loadView | view/js | response 400
24/11/16 06:48:47 PM | error loadView | view | response 400
24/11/16 06:48:47 PM | error loadView | view | response 400
24/11/16 06:48:47 PM | error loadView | view | response 400
24/11/16 06:49:44 PM | error loadView | view | response 400
24/11/16 06:49:44 PM | error loadView | view | response 400
24/11/16 06:49:44 PM | error loadView | view | response 400
24/11/16 06:49:44 PM | error loadView | view/js | response 400
24/11/16 06:52:29 PM | error loadView | view/js | response 400
24/11/16 06:52:29 PM | error loadView | view | response 400
24/11/16 06:52:29 PM | error loadView | view | response 400
24/11/16 06:52:29 PM | error loadView | view | response 400
24/11/16 06:52:34 PM | error loadView | view/js | response 400
24/11/16 06:52:34 PM | error loadView | view | response 400
24/11/16 06:52:34 PM | error loadView | view | response 400
24/11/16 06:52:34 PM | error loadView | view | response 400
24/11/16 06:52:40 PM | error loadView | view/js | response 400
24/11/16 06:52:40 PM | error loadView | view | response 400
24/11/16 06:52:41 PM | error loadView | view | response 400
24/11/16 06:52:41 PM | error loadView | view | response 400
24/11/16 06:55:13 PM | error loadView | view | response 400
24/11/16 06:55:14 PM | error loadView | view | response 400
24/11/16 06:55:14 PM | error loadView | view | response 400
24/11/16 06:55:14 PM | error loadView | view/js | response 400
24/11/16 06:55:22 PM | error loadView | view/js | response 400
24/11/16 06:55:22 PM | error loadView | view | response 400
24/11/16 06:55:22 PM | error loadView | view | response 400
24/11/16 06:55:22 PM | error loadView | view | response 400
24/11/16 06:55:23 PM | error loadView | view | response 400
24/11/16 06:55:23 PM | error loadView | view | response 400
24/11/16 06:55:23 PM | error loadView | view | response 400
24/11/16 06:55:23 PM | error loadView | view/js | response 400
24/11/16 06:55:24 PM | error loadView | view | response 400
24/11/16 06:55:24 PM | error loadView | view/js | response 400
24/11/16 06:55:25 PM | error loadView | view | response 400
24/11/16 06:55:25 PM | error loadView | view | response 400
24/11/16 06:55:33 PM | error loadView | view | response 400
24/11/16 06:55:33 PM | error loadView | view/js | response 400
24/11/16 06:55:33 PM | error loadView | view | response 400
24/11/16 06:55:33 PM | error loadView | view | response 400
24/11/16 06:55:40 PM | error loadView | view/js | response 400
24/11/16 06:55:41 PM | error loadView | view | response 400
24/11/16 06:55:41 PM | error loadView | view | response 400
24/11/16 06:55:41 PM | error loadView | view | response 400
24/11/16 06:56:25 PM | error loadView | view/js | response 400
24/11/16 06:56:25 PM | error loadView | view | response 400
24/11/16 06:56:25 PM | error loadView | view | response 400
24/11/16 06:56:25 PM | error loadView | view | response 400
24/11/16 06:57:09 PM | error loadView | view/js | response 400
24/11/16 06:57:09 PM | error loadView | view | response 400
24/11/16 06:57:09 PM | error loadView | view | response 400
24/11/16 06:57:09 PM | error loadView | view | response 400
24/11/16 06:58:03 PM | error loadView | view/js | response 400
24/11/16 06:58:03 PM | error loadView | view | response 400
24/11/16 06:58:03 PM | error loadView | view | response 400
24/11/16 06:58:03 PM | error loadView | view | response 400
24/11/16 06:59:43 PM | error loadView | view | response 400
24/11/16 06:59:43 PM | error loadView | view | response 400
24/11/16 06:59:43 PM | error loadView | view | response 400
24/11/16 06:59:43 PM | error loadView | view/js | response 400
24/11/16 06:59:54 PM | error loadView | view | response 400
24/11/16 06:59:54 PM | error loadView | view/js | response 400
24/11/16 06:59:54 PM | error loadView | view | response 400
24/11/16 06:59:54 PM | error loadView | view | response 400
